<?xml version="1.0" encoding="UTF-8"?>
<!-- Generated by org.testng.reporters.JUnitReportReporter -->
<testsuite skipped="0" hostname="IBM-Testing01" name="Modifying_profile_valid_case" tests="1" failures="0" timestamp="27 Dec 2019 10:29:04 GMT" time="1.758" errors="0">
  <testcase name="ModifyingProfile" time="1.758" classname="Modifying_profile_valid_case"/>
</testsuite> <!-- Modifying_profile_valid_case -->
