<?xml version="1.0" encoding="UTF-8"?>
<!-- Generated by org.testng.reporters.JUnitReportReporter -->
<testsuite skipped="0" hostname="IBM-Testing01" name="NewTest1" tests="1" failures="0" timestamp="27 Dec 2019 09:49:02 GMT" time="2.185" errors="0">
  <testcase name="f" time="2.185" classname="NewTest1"/>
</testsuite> <!-- NewTest1 -->
